2026/03/25 15:55:40 WARN Memory usage above 80%
2026/03/25 15:55:41 ERROR Memory usage above 80%
2026/03/25 15:55:42 WARN Memory usage above 80%
2026/03/25 15:55:43 INFO Memory usage above 80%
2026/03/25 15:55:44 ERROR Server started on port 3000
2026/03/25 15:55:45 WARN Memory usage above 80%
2026/03/25 15:55:46 ERROR Database connection failed
2026/03/25 15:55:47 INFO Memory usage above 80%
2026/03/25 15:55:48 WARN Memory usage above 80%
2026/03/25 15:55:49 INFO Memory usage above 80%
2026/03/25 15:55:50 WARN Memory usage above 80%
2026/03/25 15:55:51 WARN Memory usage above 80%
2026/03/25 15:55:52 INFO Memory usage above 80%
2026/03/25 15:55:53 ERROR Database connection failed
2026/03/25 15:55:54 INFO Server started on port 3000
2026/03/25 15:55:55 ERROR Server started on port 3000
2026/03/25 15:55:56 WARN Server started on port 3000
2026/03/25 15:55:57 INFO Database connection failed
2026/03/25 15:55:58 INFO Server started on port 3000
2026/03/25 15:55:59 INFO Memory usage above 80%
2026/03/25 15:56:00 INFO Memory usage above 80%
2026/03/25 15:56:01 INFO Server started on port 3000
2026/03/25 15:56:02 WARN Memory usage above 80%
2026/03/25 15:56:03 ERROR Memory usage above 80%
2026/03/25 15:56:04 WARN Memory usage above 80%
2026/03/25 15:56:05 ERROR Database connection failed
2026/03/25 15:56:06 ERROR Database connection failed
2026/03/25 15:56:07 WARN Memory usage above 80%
2026/03/25 15:56:08 INFO Database connection failed
2026/03/25 15:56:09 ERROR Memory usage above 80%
2026/03/25 15:56:10 INFO Server started on port 3000
2026/03/25 15:56:11 INFO Server started on port 3000
2026/03/25 15:56:12 INFO Server started on port 3000
2026/03/25 15:56:13 INFO Database connection failed
2026/03/25 15:56:14 WARN Database connection failed
2026/03/25 15:56:15 ERROR Server started on port 3000
2026/03/25 15:56:16 WARN Memory usage above 80%
2026/03/25 15:56:17 WARN Server started on port 3000
2026/03/25 15:56:18 INFO Memory usage above 80%
2026/03/25 15:56:19 INFO Memory usage above 80%
2026/03/25 15:56:20 INFO Database connection failed
2026/03/25 15:56:21 ERROR Server started on port 3000
2026/03/25 15:56:22 WARN Memory usage above 80%
2026/03/25 15:56:23 INFO Database connection failed
2026/03/25 15:56:24 WARN Server started on port 3000
2026/03/25 15:56:25 WARN Server started on port 3000
2026/03/25 15:56:26 INFO Memory usage above 80%
2026/03/25 15:56:27 WARN Server started on port 3000
